  Player.cpp
p:\programming\test\pacman\pacman\source\player.cpp(8): warning C4244: '=': conversion from 'float' to 'int', possible loss of data
p:\programming\test\pacman\pacman\source\player.cpp(9): warning C4244: '=': conversion from 'float' to 'int', possible loss of data
p:\programming\test\pacman\pacman\source\player.cpp(54): warning C4244: '=': conversion from 'float' to 'int', possible loss of data
p:\programming\test\pacman\pacman\source\player.cpp(55): warning C4244: '=': conversion from 'float' to 'int', possible loss of data
  Game.cpp
p:\programming\test\pacman\pacman\source\game.cpp(151): warning C4244: '=': conversion from 'int' to 'float', possible loss of data
p:\programming\test\pacman\pacman\source\game.cpp(152): warning C4244: '=': conversion from 'int' to 'float', possible loss of data
p:\programming\test\pacman\pacman\source\game.cpp(275): warning C4244: '=': conversion from 'int' to 'float', possible loss of data
p:\programming\test\pacman\pacman\source\game.cpp(276): warning C4244: '=': conversion from 'int' to 'float', possible loss of data
p:\programming\test\pacman\pacman\source\game.cpp(277): warning C4244: '=': conversion from 'int' to 'float', possible loss of data
p:\programming\test\pacman\pacman\source\game.cpp(278): warning C4244: '=': conversion from 'int' to 'float', possible loss of data
p:\programming\test\pacman\pacman\source\game.cpp(309): warning C4244: '=': conversion from 'int' to 'float', possible loss of data
p:\programming\test\pacman\pacman\source\game.cpp(310): warning C4244: '=': conversion from 'int' to 'float', possible loss of data
p:\programming\test\pacman\pacman\source\game.cpp(311): warning C4244: '=': conversion from 'int' to 'float', possible loss of data
p:\programming\test\pacman\pacman\source\game.cpp(312): warning C4244: '=': conversion from 'int' to 'float', possible loss of data
p:\programming\test\pacman\pacman\source\game.cpp(341): warning C4244: '=': conversion from 'int' to 'float', possible loss of data
p:\programming\test\pacman\pacman\source\game.cpp(342): warning C4244: '=': conversion from 'int' to 'float', possible loss of data
p:\programming\test\pacman\pacman\source\game.cpp(343): warning C4244: '=': conversion from 'int' to 'float', possible loss of data
p:\programming\test\pacman\pacman\source\game.cpp(344): warning C4244: '=': conversion from 'int' to 'float', possible loss of data
p:\programming\test\pacman\pacman\source\game.cpp(376): warning C4244: '=': conversion from 'int' to 'float', possible loss of data
p:\programming\test\pacman\pacman\source\game.cpp(377): warning C4244: '=': conversion from 'int' to 'float', possible loss of data
p:\programming\test\pacman\pacman\source\game.cpp(378): warning C4244: '=': conversion from 'int' to 'float', possible loss of data
p:\programming\test\pacman\pacman\source\game.cpp(379): warning C4244: '=': conversion from 'int' to 'float', possible loss of data
p:\programming\test\pacman\pacman\source\game.cpp(380): warning C4244: '=': conversion from 'int' to 'float', possible loss of data
p:\programming\test\pacman\pacman\source\game.cpp(381): warning C4244: '=': conversion from 'int' to 'float', possible loss of data
p:\programming\test\pacman\pacman\source\game.cpp(432): warning C4244: '=': conversion from 'int' to 'float', possible loss of data
p:\programming\test\pacman\pacman\source\game.cpp(433): warning C4244: '=': conversion from 'int' to 'float', possible loss of data
p:\programming\test\pacman\pacman\source\game.cpp(434): warning C4244: '=': conversion from 'int' to 'float', possible loss of data
p:\programming\test\pacman\pacman\source\game.cpp(435): warning C4244: '=': conversion from 'int' to 'float', possible loss of data
p:\programming\test\pacman\pacman\source\game.cpp(464): warning C4244: '=': conversion from 'int' to 'float', possible loss of data
p:\programming\test\pacman\pacman\source\game.cpp(465): warning C4244: '=': conversion from 'int' to 'float', possible loss of data
p:\programming\test\pacman\pacman\source\game.cpp(466): warning C4244: '=': conversion from 'int' to 'float', possible loss of data
p:\programming\test\pacman\pacman\source\game.cpp(467): warning C4244: '=': conversion from 'int' to 'float', possible loss of data
p:\programming\test\pacman\pacman\source\game.cpp(496): warning C4244: '=': conversion from 'int' to 'float', possible loss of data
p:\programming\test\pacman\pacman\source\game.cpp(497): warning C4244: '=': conversion from 'int' to 'float', possible loss of data
p:\programming\test\pacman\pacman\source\game.cpp(498): warning C4244: '=': conversion from 'int' to 'float', possible loss of data
p:\programming\test\pacman\pacman\source\game.cpp(499): warning C4244: '=': conversion from 'int' to 'float', possible loss of data
p:\programming\test\pacman\pacman\source\game.cpp(530): warning C4244: '=': conversion from 'int' to 'float', possible loss of data
p:\programming\test\pacman\pacman\source\game.cpp(531): warning C4244: '=': conversion from 'int' to 'float', possible loss of data
p:\programming\test\pacman\pacman\source\game.cpp(532): warning C4244: '=': conversion from 'int' to 'float', possible loss of data
p:\programming\test\pacman\pacman\source\game.cpp(533): warning C4244: '=': conversion from 'int' to 'float', possible loss of data
p:\programming\test\pacman\pacman\source\game.cpp(534): warning C4244: '=': conversion from 'int' to 'float', possible loss of data
p:\programming\test\pacman\pacman\source\game.cpp(535): warning C4244: '=': conversion from 'int' to 'float', possible loss of data
p:\programming\test\pacman\pacman\source\game.cpp(586): warning C4244: '=': conversion from 'int' to 'float', possible loss of data
p:\programming\test\pacman\pacman\source\game.cpp(587): warning C4244: '=': conversion from 'int' to 'float', possible loss of data
p:\programming\test\pacman\pacman\source\game.cpp(588): warning C4244: '=': conversion from 'int' to 'float', possible loss of data
p:\programming\test\pacman\pacman\source\game.cpp(589): warning C4244: '=': conversion from 'int' to 'float', possible loss of data
p:\programming\test\pacman\pacman\source\game.cpp(618): warning C4244: '=': conversion from 'int' to 'float', possible loss of data
p:\programming\test\pacman\pacman\source\game.cpp(619): warning C4244: '=': conversion from 'int' to 'float', possible loss of data
p:\programming\test\pacman\pacman\source\game.cpp(620): warning C4244: '=': conversion from 'int' to 'float', possible loss of data
p:\programming\test\pacman\pacman\source\game.cpp(621): warning C4244: '=': conversion from 'int' to 'float', possible loss of data
p:\programming\test\pacman\pacman\source\game.cpp(650): warning C4244: '=': conversion from 'int' to 'float', possible loss of data
p:\programming\test\pacman\pacman\source\game.cpp(651): warning C4244: '=': conversion from 'int' to 'float', possible loss of data
p:\programming\test\pacman\pacman\source\game.cpp(652): warning C4244: '=': conversion from 'int' to 'float', possible loss of data
p:\programming\test\pacman\pacman\source\game.cpp(653): warning C4244: '=': conversion from 'int' to 'float', possible loss of data
p:\programming\test\pacman\pacman\source\game.cpp(684): warning C4244: '=': conversion from 'int' to 'float', possible loss of data
p:\programming\test\pacman\pacman\source\game.cpp(685): warning C4244: '=': conversion from 'int' to 'float', possible loss of data
p:\programming\test\pacman\pacman\source\game.cpp(686): warning C4244: '=': conversion from 'int' to 'float', possible loss of data
p:\programming\test\pacman\pacman\source\game.cpp(687): warning C4244: '=': conversion from 'int' to 'float', possible loss of data
p:\programming\test\pacman\pacman\source\game.cpp(688): warning C4244: '=': conversion from 'int' to 'float', possible loss of data
p:\programming\test\pacman\pacman\source\game.cpp(689): warning C4244: '=': conversion from 'int' to 'float', possible loss of data
p:\programming\test\pacman\pacman\source\game.cpp(741): warning C4244: '=': conversion from 'int' to 'float', possible loss of data
p:\programming\test\pacman\pacman\source\game.cpp(742): warning C4244: '=': conversion from 'int' to 'float', possible loss of data
p:\programming\test\pacman\pacman\source\game.cpp(743): warning C4244: '=': conversion from 'int' to 'float', possible loss of data
p:\programming\test\pacman\pacman\source\game.cpp(744): warning C4244: '=': conversion from 'int' to 'float', possible loss of data
p:\programming\test\pacman\pacman\source\game.cpp(773): warning C4244: '=': conversion from 'int' to 'float', possible loss of data
p:\programming\test\pacman\pacman\source\game.cpp(774): warning C4244: '=': conversion from 'int' to 'float', possible loss of data
p:\programming\test\pacman\pacman\source\game.cpp(775): warning C4244: '=': conversion from 'int' to 'float', possible loss of data
p:\programming\test\pacman\pacman\source\game.cpp(776): warning C4244: '=': conversion from 'int' to 'float', possible loss of data
p:\programming\test\pacman\pacman\source\game.cpp(805): warning C4244: '=': conversion from 'int' to 'float', possible loss of data
p:\programming\test\pacman\pacman\source\game.cpp(806): warning C4244: '=': conversion from 'int' to 'float', possible loss of data
p:\programming\test\pacman\pacman\source\game.cpp(807): warning C4244: '=': conversion from 'int' to 'float', possible loss of data
p:\programming\test\pacman\pacman\source\game.cpp(808): warning C4244: '=': conversion from 'int' to 'float', possible loss of data
p:\programming\test\pacman\pacman\source\game.cpp(839): warning C4244: '=': conversion from 'int' to 'float', possible loss of data
p:\programming\test\pacman\pacman\source\game.cpp(840): warning C4244: '=': conversion from 'int' to 'float', possible loss of data
p:\programming\test\pacman\pacman\source\game.cpp(841): warning C4244: '=': conversion from 'int' to 'float', possible loss of data
p:\programming\test\pacman\pacman\source\game.cpp(842): warning C4244: '=': conversion from 'int' to 'float', possible loss of data
p:\programming\test\pacman\pacman\source\game.cpp(843): warning C4244: '=': conversion from 'int' to 'float', possible loss of data
p:\programming\test\pacman\pacman\source\game.cpp(844): warning C4244: '=': conversion from 'int' to 'float', possible loss of data
p:\programming\test\pacman\pacman\source\game.cpp(886): warning C4244: '=': conversion from 'int' to 'float', possible loss of data
p:\programming\test\pacman\pacman\source\game.cpp(887): warning C4244: '=': conversion from 'float' to 'int', possible loss of data
p:\programming\test\pacman\pacman\source\game.cpp(891): warning C4244: '=': conversion from 'float' to 'int', possible loss of data
p:\programming\test\pacman\pacman\source\game.cpp(899): warning C4244: '=': conversion from 'int' to 'float', possible loss of data
p:\programming\test\pacman\pacman\source\game.cpp(900): warning C4244: '=': conversion from 'float' to 'int', possible loss of data
p:\programming\test\pacman\pacman\source\game.cpp(904): warning C4244: '=': conversion from 'float' to 'int', possible loss of data
p:\programming\test\pacman\pacman\source\game.cpp(912): warning C4244: '=': conversion from 'int' to 'float', possible loss of data
p:\programming\test\pacman\pacman\source\game.cpp(913): warning C4244: '=': conversion from 'float' to 'int', possible loss of data
p:\programming\test\pacman\pacman\source\game.cpp(920): warning C4244: '=': conversion from 'int' to 'float', possible loss of data
p:\programming\test\pacman\pacman\source\game.cpp(921): warning C4244: '=': conversion from 'float' to 'int', possible loss of data
p:\programming\test\pacman\pacman\source\game.cpp(1264): warning C4244: 'argument': conversion from 'float' to 'int', possible loss of data
p:\programming\test\pacman\pacman\source\game.cpp(1265): warning C4244: 'argument': conversion from 'float' to 'int', possible loss of data
p:\programming\test\pacman\pacman\source\game.cpp(1269): warning C4244: 'argument': conversion from 'float' to 'int', possible loss of data
p:\programming\test\pacman\pacman\source\game.cpp(1271): warning C4244: '=': conversion from 'int' to 'float', possible loss of data
p:\programming\test\pacman\pacman\source\game.cpp(1275): warning C4244: 'argument': conversion from 'float' to 'int', possible loss of data
p:\programming\test\pacman\pacman\source\game.cpp(1281): warning C4244: 'argument': conversion from 'float' to 'int', possible loss of data
p:\programming\test\pacman\pacman\source\game.cpp(1284): warning C4244: '=': conversion from 'int' to 'float', possible loss of data
p:\programming\test\pacman\pacman\source\game.cpp(1288): warning C4244: 'argument': conversion from 'float' to 'int', possible loss of data
p:\programming\test\pacman\pacman\source\game.cpp(1294): warning C4244: 'argument': conversion from 'float' to 'int', possible loss of data
p:\programming\test\pacman\pacman\source\game.cpp(1296): warning C4244: '=': conversion from 'int' to 'float', possible loss of data
p:\programming\test\pacman\pacman\source\game.cpp(1299): warning C4244: 'argument': conversion from 'float' to 'int', possible loss of data
p:\programming\test\pacman\pacman\source\game.cpp(1303): warning C4244: 'argument': conversion from 'float' to 'int', possible loss of data
p:\programming\test\pacman\pacman\source\game.cpp(1305): warning C4244: '=': conversion from 'int' to 'float', possible loss of data
p:\programming\test\pacman\pacman\source\game.cpp(1308): warning C4244: 'argument': conversion from 'float' to 'int', possible loss of data
p:\programming\test\pacman\pacman\source\game.cpp(1314): warning C4244: 'initializing': conversion from 'float' to 'int', possible loss of data
p:\programming\test\pacman\pacman\source\game.cpp(1315): warning C4244: 'initializing': conversion from 'float' to 'int', possible loss of data
p:\programming\test\pacman\pacman\source\game.cpp(1317): warning C4244: '=': conversion from 'int' to 'float', possible loss of data
p:\programming\test\pacman\pacman\source\game.cpp(1322): warning C4244: 'initializing': conversion from 'float' to 'int', possible loss of data
p:\programming\test\pacman\pacman\source\game.cpp(1323): warning C4244: 'initializing': conversion from 'float' to 'int', possible loss of data
p:\programming\test\pacman\pacman\source\game.cpp(1325): warning C4244: '=': conversion from 'int' to 'float', possible loss of data
p:\programming\test\pacman\pacman\source\game.cpp(1367): warning C4244: '=': conversion from 'float' to 'int', possible loss of data
p:\programming\test\pacman\pacman\source\game.cpp(1368): warning C4244: '=': conversion from 'float' to 'int', possible loss of data
p:\programming\test\pacman\pacman\source\game.cpp(1374): warning C4244: '=': conversion from 'int' to 'float', possible loss of data
p:\programming\test\pacman\pacman\source\game.cpp(1386): warning C4244: '=': conversion from 'float' to 'int', possible loss of data
p:\programming\test\pacman\pacman\source\game.cpp(1387): warning C4244: '=': conversion from 'float' to 'int', possible loss of data
p:\programming\test\pacman\pacman\source\game.cpp(1403): warning C4244: '=': conversion from 'int' to 'float', possible loss of data
p:\programming\test\pacman\pacman\source\game.cpp(1404): warning C4244: '=': conversion from 'int' to 'float', possible loss of data
p:\programming\test\pacman\pacman\source\game.cpp(1409): warning C4244: '=': conversion from 'int' to 'float', possible loss of data
p:\programming\test\pacman\pacman\source\game.cpp(1410): warning C4244: '=': conversion from 'int' to 'float', possible loss of data
p:\programming\test\pacman\pacman\source\game.cpp(1425): warning C4244: '=': conversion from 'float' to 'int', possible loss of data
p:\programming\test\pacman\pacman\source\game.cpp(1426): warning C4244: '=': conversion from 'float' to 'int', possible loss of data
p:\programming\test\pacman\pacman\source\game.cpp(1432): warning C4244: '=': conversion from 'int' to 'float', possible loss of data
p:\programming\test\pacman\pacman\source\game.cpp(1440): warning C4244: '=': conversion from 'float' to 'int', possible loss of data
p:\programming\test\pacman\pacman\source\game.cpp(1441): warning C4244: '=': conversion from 'float' to 'int', possible loss of data
p:\programming\test\pacman\pacman\source\game.cpp(1456): warning C4244: '=': conversion from 'int' to 'float', possible loss of data
p:\programming\test\pacman\pacman\source\game.cpp(1457): warning C4244: '=': conversion from 'int' to 'float', possible loss of data
p:\programming\test\pacman\pacman\source\game.cpp(1462): warning C4244: '=': conversion from 'int' to 'float', possible loss of data
p:\programming\test\pacman\pacman\source\game.cpp(1463): warning C4244: '=': conversion from 'int' to 'float', possible loss of data
p:\programming\test\pacman\pacman\source\game.cpp(1475): warning C4244: '=': conversion from 'float' to 'int', possible loss of data
p:\programming\test\pacman\pacman\source\game.cpp(1476): warning C4244: '=': conversion from 'float' to 'int', possible loss of data
p:\programming\test\pacman\pacman\source\game.cpp(1482): warning C4244: '=': conversion from 'int' to 'float', possible loss of data
p:\programming\test\pacman\pacman\source\game.cpp(1493): warning C4244: '=': conversion from 'float' to 'int', possible loss of data
p:\programming\test\pacman\pacman\source\game.cpp(1494): warning C4244: '=': conversion from 'float' to 'int', possible loss of data
p:\programming\test\pacman\pacman\source\game.cpp(1509): warning C4244: '=': conversion from 'int' to 'float', possible loss of data
p:\programming\test\pacman\pacman\source\game.cpp(1510): warning C4244: '=': conversion from 'int' to 'float', possible loss of data
p:\programming\test\pacman\pacman\source\game.cpp(1515): warning C4244: '=': conversion from 'int' to 'float', possible loss of data
p:\programming\test\pacman\pacman\source\game.cpp(1516): warning C4244: '=': conversion from 'int' to 'float', possible loss of data
p:\programming\test\pacman\pacman\source\game.cpp(1531): warning C4244: '=': conversion from 'float' to 'int', possible loss of data
p:\programming\test\pacman\pacman\source\game.cpp(1532): warning C4244: '=': conversion from 'float' to 'int', possible loss of data
p:\programming\test\pacman\pacman\source\game.cpp(1538): warning C4244: '=': conversion from 'int' to 'float', possible loss of data
p:\programming\test\pacman\pacman\source\game.cpp(1546): warning C4244: '=': conversion from 'float' to 'int', possible loss of data
p:\programming\test\pacman\pacman\source\game.cpp(1547): warning C4244: '=': conversion from 'float' to 'int', possible loss of data
p:\programming\test\pacman\pacman\source\game.cpp(1561): warning C4244: '=': conversion from 'int' to 'float', possible loss of data
p:\programming\test\pacman\pacman\source\game.cpp(1562): warning C4244: '=': conversion from 'int' to 'float', possible loss of data
p:\programming\test\pacman\pacman\source\game.cpp(1567): warning C4244: '=': conversion from 'int' to 'float', possible loss of data
p:\programming\test\pacman\pacman\source\game.cpp(1568): warning C4244: '=': conversion from 'int' to 'float', possible loss of data
  Board.cpp
  Main.cpp
  Generating Code...
  Pacman.vcxproj -> P:\Programming\test\Pacman\Debug\Pacman.exe
  Pacman.vcxproj -> P:\Programming\test\Pacman\Debug\Pacman.pdb (Partial PDB)
